----------  DBF File Info  ---------
0  : Version         : 3
1-3: Date            : 2929
4-7: Num of Recs     : 26120
8-9: Bytes in header : 737
10-11: Bytes in Record : 134
12-14: Reserved Bytes  : 0
15-27: Reserved LAN    : 0
28-31: Reserved 3 bytes: 0
---------------------------------------
Number of fields :22
----------  Field Header Info ---------
---------------------------------------
0-10: Zero Filled     : A
11: Field Type        : N
12-15: Reserved       : 0
16: Field Length      : 5
17: Field decimal     : 0
18-19: Reserved       : 0
20: Work Area ID      : 0
20-30: Reserved       : 0
31: MDX Flag          : 0
---------------------------------------
---------------------------------------
0-10: Zero Filled     : B
11: Field Type        : N
12-15: Reserved       : 0
16: Field Length      : 5
17: Field decimal     : 0
18-19: Reserved       : 0
20: Work Area ID      : 0
20-30: Reserved       : 0
31: MDX Flag          : 0
---------------------------------------
---------------------------------------
0-10: Zero Filled     : MODE
11: Field Type        : N
12-15: Reserved       : 0
16: Field Length      : 2
17: Field decimal     : 0
18-19: Reserved       : 0
20: Work Area ID      : 0
20-30: Reserved       : 0
31: MDX Flag          : 0
---------------------------------------
---------------------------------------
0-10: Zero Filled     : OPERATOR
11: Field Type        : N
12-15: Reserved       : 0
16: Field Length      : 3
17: Field decimal     : 0
18-19: Reserved       : 0
20: Work Area ID      : 0
20-30: Reserved       : 0
31: MDX Flag          : 0
---------------------------------------
---------------------------------------
0-10: Zero Filled     : NAME
11: Field Type        : C
12-15: Reserved       : 0
16: Field Length      : 19
17: Field decimal     : 0
18-19: Reserved       : 0
20: Work Area ID      : 0
20-30: Reserved       : 0
31: MDX Flag          : 0
---------------------------------------
---------------------------------------
0-10: Zero Filled     : LONGNAME
11: Field Type        : C
12-15: Reserved       : 0
16: Field Length      : 40
17: Field decimal     : 0
18-19: Reserved       : 0
20: Work Area ID      : 0
20-30: Reserved       : 0
31: MDX Flag          : 0
---------------------------------------
---------------------------------------
0-10: Zero Filled     : DIST
11: Field Type        : N
12-15: Reserved       : 0
16: Field Length      : 4
17: Field decimal     : 2
18-19: Reserved       : 0
20: Work Area ID      : 0
20-30: Reserved       : 0
31: MDX Flag          : 0
---------------------------------------
---------------------------------------
0-10: Zero Filled     : TIME
11: Field Type        : N
12-15: Reserved       : 0
16: Field Length      : 4
17: Field decimal     : 2
18-19: Reserved       : 0
20: Work Area ID      : 0
20-30: Reserved       : 0
31: MDX Flag          : 0
---------------------------------------
---------------------------------------
0-10: Zero Filled     : LINKSEQ
11: Field Type        : N
12-15: Reserved       : 0
16: Field Length      : 3
17: Field decimal     : 0
18-19: Reserved       : 0
20: Work Area ID      : 0
20-30: Reserved       : 0
31: MDX Flag          : 0
---------------------------------------
---------------------------------------
0-10: Zero Filled     : HEADWAY_1
11: Field Type        : N
12-15: Reserved       : 0
16: Field Length      : 6
17: Field decimal     : 2
18-19: Reserved       : 0
20: Work Area ID      : 0
20-30: Reserved       : 0
31: MDX Flag          : 0
---------------------------------------
---------------------------------------
0-10: Zero Filled     : STOPA
11: Field Type        : N
12-15: Reserved       : 0
16: Field Length      : 1
17: Field decimal     : 0
18-19: Reserved       : 0
20: Work Area ID      : 0
20-30: Reserved       : 0
31: MDX Flag          : 0
---------------------------------------
---------------------------------------
0-10: Zero Filled     : STOPB
11: Field Type        : N
12-15: Reserved       : 0
16: Field Length      : 1
17: Field decimal     : 0
18-19: Reserved       : 0
20: Work Area ID      : 0
20-30: Reserved       : 0
31: MDX Flag          : 0
---------------------------------------
---------------------------------------
0-10: Zero Filled     : VOL
11: Field Type        : N
12-15: Reserved       : 0
16: Field Length      : 4
17: Field decimal     : 2
18-19: Reserved       : 0
20: Work Area ID      : 0
20-30: Reserved       : 0
31: MDX Flag          : 0
---------------------------------------
---------------------------------------
0-10: Zero Filled     : ONA
11: Field Type        : N
12-15: Reserved       : 0
16: Field Length      : 4
17: Field decimal     : 2
18-19: Reserved       : 0
20: Work Area ID      : 0
20-30: Reserved       : 0
31: MDX Flag          : 0
---------------------------------------
---------------------------------------
0-10: Zero Filled     : OFFA
11: Field Type        : N
12-15: Reserved       : 0
16: Field Length      : 4
17: Field decimal     : 2
18-19: Reserved       : 0
20: Work Area ID      : 0
20-30: Reserved       : 0
31: MDX Flag          : 0
---------------------------------------
---------------------------------------
0-10: Zero Filled     : ONB
11: Field Type        : N
12-15: Reserved       : 0
16: Field Length      : 4
17: Field decimal     : 2
18-19: Reserved       : 0
20: Work Area ID      : 0
20-30: Reserved       : 0
31: MDX Flag          : 0
---------------------------------------
---------------------------------------
0-10: Zero Filled     : OFFB
11: Field Type        : N
12-15: Reserved       : 0
16: Field Length      : 4
17: Field decimal     : 2
18-19: Reserved       : 0
20: Work Area ID      : 0
20-30: Reserved       : 0
31: MDX Flag          : 0
---------------------------------------
---------------------------------------
0-10: Zero Filled     : REV_VOL
11: Field Type        : N
12-15: Reserved       : 0
16: Field Length      : 4
17: Field decimal     : 2
18-19: Reserved       : 0
20: Work Area ID      : 0
20-30: Reserved       : 0
31: MDX Flag          : 0
---------------------------------------
---------------------------------------
0-10: Zero Filled     : REV_ONA
11: Field Type        : N
12-15: Reserved       : 0
16: Field Length      : 4
17: Field decimal     : 2
18-19: Reserved       : 0
20: Work Area ID      : 0
20-30: Reserved       : 0
31: MDX Flag          : 0
---------------------------------------
---------------------------------------
0-10: Zero Filled     : REV_OFFA
11: Field Type        : N
12-15: Reserved       : 0
16: Field Length      : 4
17: Field decimal     : 2
18-19: Reserved       : 0
20: Work Area ID      : 0
20-30: Reserved       : 0
31: MDX Flag          : 0
---------------------------------------
---------------------------------------
0-10: Zero Filled     : REV_ONB
11: Field Type        : N
12-15: Reserved       : 0
16: Field Length      : 4
17: Field decimal     : 2
18-19: Reserved       : 0
20: Work Area ID      : 0
20-30: Reserved       : 0
31: MDX Flag          : 0
---------------------------------------
---------------------------------------
0-10: Zero Filled     : REV_OFFB
11: Field Type        : N
12-15: Reserved       : 0
16: Field Length      : 4
17: Field decimal     : 2
18-19: Reserved       : 0
20: Work Area ID      : 0
20-30: Reserved       : 0
31: MDX Flag          : 0
---------------------------------------
 prefix data : 
Current Position before record data: 737
Record Status:  
